mode: set
mango/core/series/series.go:26.62,31.2 1 1
mango/core/series/series.go:40.96,47.28 6 1
mango/core/series/series.go:47.28,49.3 1 1
mango/core/series/series.go:51.2,51.17 1 1
mango/core/series/series.go:51.17,53.3 1 1
mango/core/series/series.go:53.8,55.3 1 0
mango/core/series/series.go:56.2,56.16 1 1
mango/core/series/series.go:56.16,57.13 1 0
mango/core/series/series.go:60.2,60.30 1 1
mango/core/series/series.go:61.20,65.27 4 1
mango/core/series/series.go:66.21,70.28 4 1
mango/core/series/series.go:71.18,75.28 4 0
mango/core/series/series.go:76.19,80.26 4 0
mango/core/series/series.go:83.2,83.38 1 1
mango/core/series/series.go:87.62,89.2 1 1
mango/core/series/series.go:91.62,93.24 2 0
mango/core/series/series.go:93.24,95.3 1 0
mango/core/series/series.go:96.2,96.57 1 0
mango/core/series/series.go:101.54,102.29 1 1
mango/core/series/series.go:103.21,104.52 1 1
mango/core/series/series.go:105.15,106.41 1 0
mango/core/series/series.go:107.17,108.41 1 0
mango/core/series/series.go:109.14,110.41 1 0
mango/core/series/series.go:111.16,112.41 1 0
mango/core/series/series.go:113.19,114.40 1 1
mango/core/series/series.go:115.10,116.40 1 1
mango/core/series/series.go:121.41,123.2 1 1
mango/core/series/series.go:126.39,129.31 3 1
mango/core/series/series.go:129.31,131.3 1 1
mango/core/series/series.go:132.2,132.12 1 1
mango/core/series/series.go:136.41,138.2 1 1
mango/core/series/series.go:143.62,144.16 1 1
mango/core/series/series.go:144.16,146.3 1 1
mango/core/series/series.go:147.2,147.32 1 1
mango/core/series/series.go:147.32,149.3 1 1
mango/core/series/series.go:150.2,150.39 1 1
mango/core/series/series.go:150.39,152.3 1 1
mango/core/series/series.go:153.2,154.52 2 1
mango/core/series/series.go:158.62,159.30 1 0
mango/core/series/series.go:159.30,161.3 1 0
mango/core/series/series.go:162.2,162.40 1 0
mango/core/series/series.go:162.40,164.3 1 0
mango/core/series/series.go:165.2,167.34 3 0
mango/core/series/series.go:167.34,169.17 2 0
mango/core/series/series.go:169.17,171.4 1 0
mango/core/series/series.go:173.3,173.20 1 0
mango/core/series/series.go:173.20,175.16 2 0
mango/core/series/series.go:175.16,177.5 1 0
mango/core/series/series.go:178.4,179.11 2 0
mango/core/series/series.go:182.2,182.58 1 0
mango/core/series/series.go:186.64,187.32 1 0
mango/core/series/series.go:187.32,189.3 1 0
mango/core/series/series.go:191.2,193.37 3 0
mango/core/series/series.go:193.37,195.21 2 0
mango/core/series/series.go:195.21,197.18 2 0
mango/core/series/series.go:197.18,199.5 1 0
mango/core/series/series.go:200.4,201.23 2 0
mango/core/series/series.go:204.2,204.61 1 0
mango/core/series/series.go:208.28,210.2 1 1
mango/core/series/series.go:213.34,215.2 1 1
mango/core/series/series.go:218.44,220.2 1 1
mango/core/series/series.go:223.28,224.24 1 0
mango/core/series/series.go:224.24,226.3 1 0
mango/core/series/series.go:227.2,229.35 3 0
mango/core/series/series.go:229.35,231.17 2 0
mango/core/series/series.go:231.17,232.14 1 0
mango/core/series/series.go:234.3,235.42 2 0
mango/core/series/series.go:237.2,239.21 3 0
mango/core/series/series.go:243.42,244.12 1 0
mango/core/series/series.go:244.12,246.3 1 0
mango/core/series/series.go:247.2,248.34 2 0
mango/core/series/series.go:248.34,250.3 1 0
mango/core/series/series.go:251.2,253.16 3 0
mango/core/series/series.go:253.16,254.13 1 0
mango/core/series/series.go:256.2,256.12 1 0
mango/core/series/series.go:260.49,263.36 3 1
mango/core/series/series.go:263.36,264.37 1 0
mango/core/series/series.go:264.37,265.9 1 0
mango/core/series/series.go:267.3,268.15 2 0
mango/core/series/series.go:270.2,270.22 1 1
mango/core/series/series.go:276.52,280.21 3 1
mango/core/series/series.go:280.21,282.3 1 1
mango/core/series/series.go:283.2,284.16 2 1
mango/core/series/series.go:284.16,285.13 1 0
mango/core/series/series.go:287.2,287.42 1 1
mango/core/series/series.go:290.66,293.2 2 1
mango/core/series/series.go:297.72,298.18 1 0
mango/core/series/series.go:298.18,300.3 1 0
mango/core/series/series.go:301.2,301.27 1 0
mango/core/series/series.go:307.66,309.16 2 0
mango/core/series/series.go:309.16,311.3 1 0
mango/core/series/series.go:312.2,312.14 1 0
mango/core/series/series.go:312.14,314.3 1 0
mango/core/series/series.go:315.2,315.28 1 0
mango/core/series/series.go:320.53,321.20 1 0
mango/core/series/series.go:321.20,323.3 1 0
mango/core/series/series.go:324.2,325.25 2 0
mango/core/series/series.go:325.25,329.3 2 0
mango/core/series/series.go:330.2,330.17 1 0
mango/core/series/series.go:334.61,335.20 1 0
mango/core/series/series.go:335.20,337.3 1 0
mango/core/series/series.go:338.2,340.25 3 0
mango/core/series/series.go:340.25,344.3 2 0
mango/core/series/series.go:345.2,345.24 1 0
mango/core/series/series.go:349.47,350.17 1 1
mango/core/series/series.go:350.17,352.3 1 0
mango/core/series/series.go:353.2,354.47 2 1
mango/core/series/series.go:359.41,361.16 2 1
mango/core/series/series.go:361.16,362.13 1 0
mango/core/series/series.go:364.2,364.12 1 1
mango/core/series/series.go:368.34,370.31 2 1
mango/core/series/series.go:370.31,372.3 1 1
mango/core/series/series.go:373.2,373.12 1 1
mango/core/series/series.go:377.37,379.31 2 1
mango/core/series/series.go:379.31,381.3 1 1
mango/core/series/series.go:382.2,382.12 1 1
mango/core/series/series.go:414.29,416.2 1 1
mango/core/series/series_t.go:14.90,18.2 1 0
mango/core/series/series_t.go:24.98,28.16 4 0
mango/core/series/series_t.go:28.16,30.13 1 0
mango/core/series/series_t.go:32.2,32.16 1 0
mango/core/series/series_t.go:35.76,37.2 1 0
mango/core/series/series_t.go:42.39,44.43 2 0
mango/core/series/series_t.go:44.43,46.3 1 0
mango/core/series/series_t.go:47.2,47.12 1 0
mango/core/series/series_t.go:52.66,54.16 2 0
mango/core/series/series_t.go:54.16,56.3 1 0
mango/core/series/series_t.go:57.2,57.44 1 0
mango/core/series/series_t.go:61.32,63.2 1 0
mango/core/dataframe/dataframe.go:14.49,16.2 1 1
mango/core/dataframe/dataframe.go:19.51,21.2 1 1
mango/core/dataframe/dataframe.go:24.48,26.30 2 1
mango/core/dataframe/dataframe.go:26.30,28.3 1 1
mango/core/dataframe/dataframe.go:29.2,29.14 1 1
mango/core/dataframe/dataframe.go:33.69,35.32 2 1
mango/core/dataframe/dataframe.go:35.32,37.31 2 1
mango/core/dataframe/dataframe.go:37.31,38.22 1 1
mango/core/dataframe/dataframe.go:38.22,41.10 3 1
mango/core/dataframe/dataframe.go:44.3,44.13 1 1
mango/core/dataframe/dataframe.go:44.13,46.4 1 1
mango/core/dataframe/dataframe.go:48.2,48.34 1 1
mango/core/dataframe/print.go:10.58,12.31 2 1
mango/core/dataframe/print.go:12.31,14.3 1 1
mango/core/dataframe/print.go:15.2,15.18 1 1
mango/core/dataframe/print.go:18.44,20.33 2 1
mango/core/dataframe/print.go:20.33,22.3 1 1
mango/core/dataframe/print.go:23.2,23.18 1 1
mango/core/dataframe/print.go:26.45,27.22 1 1
mango/core/dataframe/print.go:28.14,29.15 1 1
mango/core/dataframe/print.go:30.15,31.15 1 1
mango/core/dataframe/print.go:32.17,33.15 1 1
mango/core/dataframe/print.go:34.10,35.22 1 0
mango/core/dataframe/print.go:39.38,41.23 2 1
mango/core/dataframe/print.go:41.23,43.3 1 0
mango/core/dataframe/print.go:45.2,48.30 3 1
mango/core/dataframe/print.go:48.30,53.34 4 1
mango/core/dataframe/print.go:53.34,55.26 2 1
mango/core/dataframe/print.go:55.26,57.5 1 0
mango/core/dataframe/print.go:60.3,60.45 1 1
mango/core/dataframe/print.go:62.2,72.29 9 1
mango/core/dataframe/print.go:72.29,74.34 2 1
mango/core/dataframe/print.go:74.34,77.4 2 1
mango/core/dataframe/print.go:78.3,79.25 2 1
mango/core/dataframe/print.go:81.2,81.20 1 1
mango/core/primitive/optional.go:10.37,12.2 1 1
mango/core/primitive/optional.go:14.32,16.2 1 1
mango/core/primitive/optional.go:18.38,19.13 1 0
mango/core/primitive/optional.go:19.13,21.3 1 0
mango/core/primitive/optional.go:22.2,22.15 1 0
mango/core/primitive/primitive.go:21.61,22.18 1 1
mango/core/primitive/primitive.go:23.14,24.39 1 1
mango/core/primitive/primitive.go:25.15,26.43 1 1
mango/core/primitive/primitive.go:27.12,28.44 1 1
mango/core/primitive/primitive.go:29.13,30.41 1 1
mango/core/primitive/primitive.go:31.10,32.51 1 1
mango/core/primitive/primitive.go:48.124,49.20 1 0
mango/core/primitive/primitive.go:49.20,51.3 1 0
mango/core/primitive/primitive.go:52.2,53.25 2 0
mango/core/primitive/primitive.go:53.25,55.26 2 0
mango/core/primitive/primitive.go:55.26,56.12 1 0
mango/core/primitive/primitive.go:58.3,58.34 1 0
mango/core/primitive/primitive.go:58.34,61.4 1 0
mango/core/primitive/primitive.go:61.9,64.51 1 0
mango/core/primitive/primitive.go:64.51,65.49 1 0
mango/core/primitive/primitive.go:65.49,67.6 1 0
mango/core/primitive/primitive.go:71.2,71.33 1 0
mango/core/primitive/primitive.go:71.33,73.3 1 0
mango/core/primitive/primitive.go:76.2,76.48 1 0
mango/core/primitive/primitive.go:76.48,77.50 1 0
mango/core/primitive/primitive.go:77.50,79.4 1 0
mango/core/primitive/primitive.go:81.2,81.62 1 0
mango/core/primitive/primitive.go:85.54,87.23 2 0
mango/core/primitive/primitive.go:88.14,90.17 2 0
mango/core/primitive/primitive.go:90.17,92.4 1 0
mango/core/primitive/primitive.go:93.3,94.17 2 0
mango/core/primitive/primitive.go:94.17,96.4 1 0
mango/core/primitive/primitive.go:97.3,97.73 1 0
mango/core/primitive/primitive.go:97.73,99.4 1 0
mango/core/primitive/primitive.go:100.15,101.50 1 0
mango/core/primitive/primitive.go:102.12,105.50 3 0
mango/core/primitive/primitive.go:106.13,108.50 2 0
mango/core/primitive/primitive.go:109.12,110.30 1 0
mango/core/primitive/primitive.go:111.10,112.13 1 0
mango/core/primitive/primitive.go:114.2,114.12 1 0
mango/core/primitive/primitive.go:118.64,120.2 1 0
mango/core/primitive/primitive.go:123.56,124.35 1 0
mango/core/primitive/primitive.go:124.35,126.3 1 0
mango/core/primitive/primitive.go:127.2,128.16 2 0
mango/core/primitive/primitive.go:128.16,130.3 1 0
mango/core/primitive/primitive.go:131.2,131.35 1 0
mango/core/primitive/primitive.go:136.66,138.2 1 0
mango/core/primitive/primitive.go:140.24,143.2 2 1
mango/core/primitive/primitive.go:145.53,149.2 2 1
mango/core/primitive/primitive.go:151.65,156.8 4 0
mango/core/primitive/primitive.go:156.8,158.3 1 0
mango/core/primitive/primitive.go:161.2,162.27 2 0
mango/core/primitive/primitive.go:163.12,164.43 1 0
mango/core/primitive/primitive.go:164.43,165.11 1 0
mango/core/primitive/primitive.go:165.11,167.5 1 0
mango/core/primitive/primitive.go:167.10,169.5 1 0
mango/core/primitive/primitive.go:170.4,170.13 1 0
mango/core/primitive/primitive.go:171.9,171.56 1 0
mango/core/primitive/primitive.go:171.56,172.11 1 0
mango/core/primitive/primitive.go:172.11,174.5 1 0
mango/core/primitive/primitive.go:174.10,176.5 1 0
mango/core/primitive/primitive.go:177.4,177.13 1 0
mango/core/primitive/primitive.go:178.9,178.57 1 0
mango/core/primitive/primitive.go:178.57,181.4 2 0
mango/core/primitive/primitive.go:182.13,183.49 1 0
mango/core/primitive/primitive.go:183.49,186.4 2 0
mango/core/primitive/primitive.go:186.9,186.51 1 0
mango/core/primitive/primitive.go:186.51,189.4 2 0
mango/core/primitive/primitive.go:189.9,189.57 1 0
mango/core/primitive/primitive.go:189.57,192.4 2 0
mango/core/primitive/primitive.go:193.15,194.50 1 0
mango/core/primitive/primitive.go:194.50,197.4 2 0
mango/core/primitive/primitive.go:198.14,200.44 2 0
mango/core/primitive/primitive.go:200.44,201.40 1 0
mango/core/primitive/primitive.go:201.40,204.5 2 0
mango/core/primitive/primitive.go:204.10,204.48 1 0
mango/core/primitive/primitive.go:204.48,207.5 2 0
mango/core/primitive/primitive.go:208.9,208.50 1 0
mango/core/primitive/primitive.go:208.50,210.18 2 0
mango/core/primitive/primitive.go:210.18,213.5 2 0
mango/core/primitive/primitive.go:214.9,214.60 1 0
mango/core/primitive/primitive.go:214.60,216.18 2 0
mango/core/primitive/primitive.go:216.18,219.5 2 0
mango/core/primitive/primitive.go:221.3,221.16 1 0
mango/core/primitive/primitive.go:221.17,223.4 0 0
mango/core/primitive/primitive.go:225.2,225.8 1 0
mango/core/primitive/primitive.go:225.8,227.3 1 0
mango/core/primitive/primitive.go:227.8,229.3 1 0
mango/core/primitive/primitive.go:236.77,239.27 3 0
mango/core/primitive/primitive.go:239.27,240.32 1 0
mango/core/primitive/primitive.go:240.32,242.12 2 0
mango/core/primitive/primitive.go:244.3,246.17 3 0
mango/core/primitive/primitive.go:248.2,248.23 1 0
mango/io/csv.go:13.61,17.16 3 1
mango/io/csv.go:17.16,19.3 1 0
mango/io/csv.go:20.2,22.33 3 1
mango/io/csv.go:22.33,23.26 1 1
mango/io/csv.go:23.26,25.4 1 1
mango/io/csv.go:27.2,28.29 2 1
mango/io/csv.go:28.29,30.3 1 1
mango/io/csv.go:31.2,31.49 1 1
mango/io/csv.go:35.61,37.16 2 0
mango/io/csv.go:37.16,39.3 1 0
mango/io/csv.go:40.2,41.22 2 0
mango/io/csv.go:45.60,47.2 1 1
